Build started 5/15/2014 21:30:01.
     1>Project "C:\Users\i.fedyukovich\Documents\GitHub\MathParser\MathParser\MathParser\MathParser.vcxproj" on node 2 (Build target(s)).
     1>ClCompile:
         C:\Program Files (x86)\Microsoft Visual Studio 12.0\VC\bin\CL.exe /c /ZI /nologo /W3 /WX- /sdl /Od /Oy- /D WIN32 /D _DEBUG /D _CONSOLE /D _LIB /D _UNICODE /D UNICODE /Gm /EHsc /RTC1 /MDd /GS /fp:precise /Zc:wchar_t /Zc:forScope /Yu"stdafx.h" /Fp"Debug\MathParser.pch" /Fo"Debug\\" /Fd"Debug\vc120.pdb" /Gd /TP /analyze- /errorReport:prompt Parser.cpp
         Parser.cpp
     1>c:\users\i.fedyukovich\documents\github\mathparser\mathparser\mathparser\parser.h(49): warning C4018: '<' : signed/unsigned mismatch
       Link:
         C:\Program Files (x86)\Microsoft Visual Studio 12.0\VC\bin\link.exe /ERRORREPORT:PROMPT /OUT:"C:\Users\i.fedyukovich\Documents\GitHub\MathParser\MathParser\Debug\MathParser.exe" /INCREMENTAL /NOLOGO kernel32.lib user32.lib gdi32.lib winspool.lib comdlg32.lib advapi32.lib shell32.lib ole32.lib oleaut32.lib uuid.lib odbc32.lib odbccp32.lib /MANIFEST /MANIFESTUAC:"level='asInvoker' uiAccess='false'" /manifest:embed /DEBUG /PDB:"C:\Users\i.fedyukovich\Documents\GitHub\MathParser\MathParser\Debug\MathParser.pdb" /SUBSYSTEM:CONSOLE /TLBID:1 /DYNAMICBASE /NXCOMPAT /IMPLIB:"C:\Users\i.fedyukovich\Documents\GitHub\MathParser\MathParser\Debug\MathParser.lib" /MACHINE:X86 Debug\AssemblerCalculator.obj
         Debug\OperationContainer.obj
         Debug\Calculator.obj
         Debug\FunctionsMap.obj
         Debug\Helper.obj
         Debug\Main.obj
         Debug\Menu.obj
         Debug\Parser.obj
         Debug\stdafx.obj
         MathParser.vcxproj -> C:\Users\i.fedyukovich\Documents\GitHub\MathParser\MathParser\Debug\MathParser.exe
     1>Done Building Project "C:\Users\i.fedyukovich\Documents\GitHub\MathParser\MathParser\MathParser\MathParser.vcxproj" (Build target(s)).

Build succeeded.

Time Elapsed 00:00:03.51
