c:\users\i.fedyukovich\documents\github\mathparser\mathparser\mathparser\debug\mathparser.pch
c:\users\i.fedyukovich\documents\github\mathparser\mathparser\mathparser\debug\vc120.pdb
c:\users\i.fedyukovich\documents\github\mathparser\mathparser\mathparser\debug\vc120.idb
c:\users\i.fedyukovich\documents\github\mathparser\mathparser\mathparser\debug\stdafx.obj
c:\users\i.fedyukovich\documents\github\mathparser\mathparser\mathparser\debug\assemblercalculator.obj
c:\users\i.fedyukovich\documents\github\mathparser\mathparser\mathparser\debug\operationcontainer.obj
c:\users\i.fedyukovich\documents\github\mathparser\mathparser\mathparser\debug\calculator.obj
c:\users\i.fedyukovich\documents\github\mathparser\mathparser\mathparser\debug\functionsmap.obj
c:\users\i.fedyukovich\documents\github\mathparser\mathparser\mathparser\debug\helper.obj
c:\users\i.fedyukovich\documents\github\mathparser\mathparser\mathparser\debug\main.obj
c:\users\i.fedyukovich\documents\github\mathparser\mathparser\mathparser\debug\menu.obj
c:\users\i.fedyukovich\documents\github\mathparser\mathparser\mathparser\debug\parser.obj
c:\users\i.fedyukovich\documents\github\mathparser\mathparser\debug\mathparser.ilk
c:\users\i.fedyukovich\documents\github\mathparser\mathparser\debug\mathparser.exe
c:\users\i.fedyukovich\documents\github\mathparser\mathparser\debug\mathparser.pdb
c:\users\i.fedyukovich\documents\github\mathparser\mathparser\mathparser\debug\avaibleoperations.obj
c:\users\i.fedyukovich\documents\github\mathparser\mathparser\mathparser\debug\mathparser.obj
c:\users\i.fedyukovich\documents\github\mathparser\mathparser\mathparser\debug\replacer.obj
c:\users\i.fedyukovich\documents\github\mathparser\mathparser\mathparser\debug\mathparser.tlog\cl.command.1.tlog
c:\users\i.fedyukovich\documents\github\mathparser\mathparser\mathparser\debug\mathparser.tlog\cl.read.1.tlog
c:\users\i.fedyukovich\documents\github\mathparser\mathparser\mathparser\debug\mathparser.tlog\cl.write.1.tlog
c:\users\i.fedyukovich\documents\github\mathparser\mathparser\mathparser\debug\mathparser.tlog\link.command.1.tlog
c:\users\i.fedyukovich\documents\github\mathparser\mathparser\mathparser\debug\mathparser.tlog\link.read.1.tlog
c:\users\i.fedyukovich\documents\github\mathparser\mathparser\mathparser\debug\mathparser.tlog\link.write.1.tlog
